#
# There is insufficient memory for the Java Runtime Environment to continue.
# Native memory allocation (mmap) failed to map 173539328 bytes for committing reserved memory.
# Possible reasons:
#   The system is out of physical RAM or swap space
#   In 32 bit mode, the process size limit was hit
# Possible solutions:
#   Reduce memory load on the system
#   Increase physical memory or swap space
#   Check if swap backing store is full
#   Use 64 bit Java on a 64 bit OS
#   Decrease Java heap size (-Xmx/-Xms)
#   Decrease number of Java threads
#   Decrease Java thread stack sizes (-Xss)
#   Set larger code cache with -XX:ReservedCodeCacheSize=
# This output file may be truncated or incomplete.
#
#  Out of Memory Error (os_linux.cpp:2743), pid=9016, tid=0x00007f5c603f3700
#
# JRE version:  (8.0_191-b12) (build )
# Java VM: Java HotSpot(TM) 64-Bit Server VM (25.191-b12 mixed mode linux-amd64 compressed oops)
# Failed to write core dump. Core dumps have been disabled. To enable core dumping, try "ulimit -c unlimited" before starting Java again
#

---------------  T H R E A D  ---------------

Current thread (0x00007f5c5800a800):  JavaThread "Unknown thread" [_thread_in_vm, id=9035, stack(0x00007f5c602f3000,0x00007f5c603f4000)]

Stack: [0x00007f5c602f3000,0x00007f5c603f4000],  sp=0x00007f5c603f25d0,  free space=1021k
Native frames: (J=compiled Java code, j=interpreted, Vv=VM code, C=native code)
V  [libjvm.so+0xace425]  VMError::report_and_die()+0x2c5
V  [libjvm.so+0x4deb77]  report_vm_out_of_memory(char const*, int, unsigned long, VMErrorType, char const*)+0x67
V  [libjvm.so+0x90c570]  os::pd_commit_memory(char*, unsigned long, unsigned long, bool)+0x100
V  [libjvm.so+0x903eaf]  os::commit_memory(char*, unsigned long, unsigned long, bool)+0x1f
V  [libjvm.so+0x988346]  PSVirtualSpace::expand_by(unsigned long)+0x56
V  [libjvm.so+0x978c6c]  PSOldGen::initialize(ReservedSpace, unsigned long, char const*, int)+0x8c
V  [libjvm.so+0x2bce5e]  AdjoiningGenerations::AdjoiningGenerations(ReservedSpace, GenerationSizer*, unsigned long)+0x2fe
V  [libjvm.so+0x9369d2]  ParallelScavengeHeap::initialize()+0x222
V  [libjvm.so+0xa922ba]  Universe::initialize_heap()+0x16a
V  [libjvm.so+0xa92593]  universe_init()+0x33
V  [libjvm.so+0x62f0f0]  init_globals()+0x50
V  [libjvm.so+0xa74c57]  Threads::create_vm(JavaVMInitArgs*, bool*)+0x257
V  [libjvm.so+0x6d49ff]  JNI_CreateJavaVM+0x4f
C  [libjli.so+0x7e74]  JavaMain+0x84
C  [libpthread.so.0+0x76ba]  start_thread+0xca


---------------  P R O C E S S  ---------------

Java Threads: ( => current thread )

Other Threads:

=>0x00007f5c5800a800 (exited) JavaThread "Unknown thread" [_thread_in_vm, id=9035, stack(0x00007f5c602f3000,0x00007f5c603f4000)]

VM state:not at safepoint (not fully initialized)

VM Mutex/Monitor currently owned by a thread: None

GC Heap History (0 events):
No events

Deoptimization events (0 events):
No events

Classes redefined (0 events):
No events

Internal exceptions (0 events):
No events

Events (0 events):
No events


Dynamic libraries:
00400000-00401000 r-xp 00000000 103:02 4724594                           /usr/lib/jvm/java-8-oracle/bin/java
00600000-00601000 r--p 00000000 103:02 4724594                           /usr/lib/jvm/java-8-oracle/bin/java
00601000-00602000 rw-p 00001000 103:02 4724594                           /usr/lib/jvm/java-8-oracle/bin/java
017bb000-017dc000 rw-p 00000000 00:00 0                                  [heap]
6d3f80000-76de00000 ---p 00000000 00:00 0 
76de00000-773080000 rw-p 00000000 00:00 0 
773080000-7c0000000 ---p 00000000 00:00 0 
7f5c49000000-7f5c49270000 rwxp 00000000 00:00 0 
7f5c49270000-7f5c58000000 ---p 00000000 00:00 0 
7f5c58000000-7f5c58035000 rw-p 00000000 00:00 0 
7f5c58035000-7f5c5c000000 ---p 00000000 00:00 0 
7f5c5c656000-7f5c5c8e9000 rw-p 00000000 00:00 0 
7f5c5c8e9000-7f5c5ce0b000 ---p 00000000 00:00 0 
7f5c5ce0b000-7f5c5ce35000 rw-p 00000000 00:00 0 
7f5c5ce35000-7f5c5d09c000 ---p 00000000 00:00 0 
7f5c5d09c000-7f5c5d0a7000 rw-p 00000000 00:00 0 
7f5c5d0a7000-7f5c5d45d000 ---p 00000000 00:00 0 
7f5c5d45d000-7f5c5d477000 r-xp 00000000 103:02 4729207                   /usr/lib/jvm/java-8-oracle/jre/lib/amd64/libzip.so
7f5c5d477000-7f5c5d677000 ---p 0001a000 103:02 4729207                   /usr/lib/jvm/java-8-oracle/jre/lib/amd64/libzip.so
7f5c5d677000-7f5c5d678000 r--p 0001a000 103:02 4729207                   /usr/lib/jvm/java-8-oracle/jre/lib/amd64/libzip.so
7f5c5d678000-7f5c5d679000 rw-p 0001b000 103:02 4729207                   /usr/lib/jvm/java-8-oracle/jre/lib/amd64/libzip.so
7f5c5d679000-7f5c5d684000 r-xp 00000000 103:02 16913680                  /lib/x86_64-linux-gnu/libnss_files-2.23.so
7f5c5d684000-7f5c5d883000 ---p 0000b000 103:02 16913680                  /lib/x86_64-linux-gnu/libnss_files-2.23.so
7f5c5d883000-7f5c5d884000 r--p 0000a000 103:02 16913680                  /lib/x86_64-linux-gnu/libnss_files-2.23.so
7f5c5d884000-7f5c5d885000 rw-p 0000b000 103:02 16913680                  /lib/x86_64-linux-gnu/libnss_files-2.23.so
7f5c5d885000-7f5c5d88b000 rw-p 00000000 00:00 0 
7f5c5d88b000-7f5c5d896000 r-xp 00000000 103:02 16913684                  /lib/x86_64-linux-gnu/libnss_nis-2.23.so
7f5c5d896000-7f5c5da95000 ---p 0000b000 103:02 16913684                  /lib/x86_64-linux-gnu/libnss_nis-2.23.so
7f5c5da95000-7f5c5da96000 r--p 0000a000 103:02 16913684                  /lib/x86_64-linux-gnu/libnss_nis-2.23.so
7f5c5da96000-7f5c5da97000 rw-p 0000b000 103:02 16913684                  /lib/x86_64-linux-gnu/libnss_nis-2.23.so
7f5c5da97000-7f5c5daad000 r-xp 00000000 103:02 16913664                  /lib/x86_64-linux-gnu/libnsl-2.23.so
7f5c5daad000-7f5c5dcac000 ---p 00016000 103:02 16913664                  /lib/x86_64-linux-gnu/libnsl-2.23.so
7f5c5dcac000-7f5c5dcad000 r--p 00015000 103:02 16913664                  /lib/x86_64-linux-gnu/libnsl-2.23.so
7f5c5dcad000-7f5c5dcae000 rw-p 00016000 103:02 16913664                  /lib/x86_64-linux-gnu/libnsl-2.23.so
7f5c5dcae000-7f5c5dcb0000 rw-p 00000000 00:00 0 
7f5c5dcb0000-7f5c5dcb8000 r-xp 00000000 103:02 16913675                  /lib/x86_64-linux-gnu/libnss_compat-2.23.so
7f5c5dcb8000-7f5c5deb7000 ---p 00008000 103:02 16913675                  /lib/x86_64-linux-gnu/libnss_compat-2.23.so
7f5c5deb7000-7f5c5deb8000 r--p 00007000 103:02 16913675                  /lib/x86_64-linux-gnu/libnss_compat-2.23.so
7f5c5deb8000-7f5c5deb9000 rw-p 00008000 103:02 16913675                  /lib/x86_64-linux-gnu/libnss_compat-2.23.so
7f5c5deb9000-7f5c5dee6000 r-xp 00000000 103:02 4729201                   /usr/lib/jvm/java-8-oracle/jre/lib/amd64/libjava.so
7f5c5dee6000-7f5c5e0e5000 ---p 0002d000 103:02 4729201                   /usr/lib/jvm/java-8-oracle/jre/lib/amd64/libjava.so
7f5c5e0e5000-7f5c5e0e6000 r--p 0002c000 103:02 4729201                   /usr/lib/jvm/java-8-oracle/jre/lib/amd64/libjava.so
7f5c5e0e6000-7f5c5e0e8000 rw-p 0002d000 103:02 4729201                   /usr/lib/jvm/java-8-oracle/jre/lib/amd64/libjava.so
7f5c5e0e8000-7f5c5e0f5000 r-xp 00000000 103:02 4729206                   /usr/lib/jvm/java-8-oracle/jre/lib/amd64/libverify.so
7f5c5e0f5000-7f5c5e2f4000 ---p 0000d000 103:02 4729206                   /usr/lib/jvm/java-8-oracle/jre/lib/amd64/libverify.so
7f5c5e2f4000-7f5c5e2f6000 r--p 0000c000 103:02 4729206                   /usr/lib/jvm/java-8-oracle/jre/lib/amd64/libverify.so
7f5c5e2f6000-7f5c5e2f7000 rw-p 0000e000 103:02 4729206                   /usr/lib/jvm/java-8-oracle/jre/lib/amd64/libverify.so
7f5c5e2f7000-7f5c5e2fe000 r-xp 00000000 103:02 16913685                  /lib/x86_64-linux-gnu/librt-2.23.so
7f5c5e2fe000-7f5c5e4fd000 ---p 00007000 103:02 16913685                  /lib/x86_64-linux-gnu/librt-2.23.so
7f5c5e4fd000-7f5c5e4fe000 r--p 00006000 103:02 16913685                  /lib/x86_64-linux-gnu/librt-2.23.so
7f5c5e4fe000-7f5c5e4ff000 rw-p 00007000 103:02 16913685                  /lib/x86_64-linux-gnu/librt-2.23.so
7f5c5e4ff000-7f5c5e607000 r-xp 00000000 103:02 16913663                  /lib/x86_64-linux-gnu/libm-2.23.so
7f5c5e607000-7f5c5e806000 ---p 00108000 103:02 16913663                  /lib/x86_64-linux-gnu/libm-2.23.so
7f5c5e806000-7f5c5e807000 r--p 00107000 103:02 16913663                  /lib/x86_64-linux-gnu/libm-2.23.so
7f5c5e807000-7f5c5e808000 rw-p 00108000 103:02 16913663                  /lib/x86_64-linux-gnu/libm-2.23.so
7f5c5e808000-7f5c5f4ea000 r-xp 00000000 103:02 4729183                   /usr/lib/jvm/java-8-oracle/jre/lib/amd64/server/libjvm.so
7f5c5f4ea000-7f5c5f6ea000 ---p 00ce2000 103:02 4729183                   /usr/lib/jvm/java-8-oracle/jre/lib/amd64/server/libjvm.so
7f5c5f6ea000-7f5c5f780000 r--p 00ce2000 103:02 4729183                   /usr/lib/jvm/java-8-oracle/jre/lib/amd64/server/libjvm.so
7f5c5f780000-7f5c5f7b1000 rw-p 00d78000 103:02 4729183                   /usr/lib/jvm/java-8-oracle/jre/lib/amd64/server/libjvm.so
7f5c5f7b1000-7f5c5f7ec000 rw-p 00000000 00:00 0 
7f5c5f7ec000-7f5c5f9ac000 r-xp 00000000 103:02 16913667                  /lib/x86_64-linux-gnu/libc-2.23.so
7f5c5f9ac000-7f5c5fbac000 ---p 001c0000 103:02 16913667                  /lib/x86_64-linux-gnu/libc-2.23.so
7f5c5fbac000-7f5c5fbb0000 r--p 001c0000 103:02 16913667                  /lib/x86_64-linux-gnu/libc-2.23.so
7f5c5fbb0000-7f5c5fbb2000 rw-p 001c4000 103:02 16913667                  /lib/x86_64-linux-gnu/libc-2.23.so
7f5c5fbb2000-7f5c5fbb6000 rw-p 00000000 00:00 0 
7f5c5fbb6000-7f5c5fbb9000 r-xp 00000000 103:02 16913669                  /lib/x86_64-linux-gnu/libdl-2.23.so
7f5c5fbb9000-7f5c5fdb8000 ---p 00003000 103:02 16913669                  /lib/x86_64-linux-gnu/libdl-2.23.so
7f5c5fdb8000-7f5c5fdb9000 r--p 00002000 103:02 16913669                  /lib/x86_64-linux-gnu/libdl-2.23.so
7f5c5fdb9000-7f5c5fdba000 rw-p 00003000 103:02 16913669                  /lib/x86_64-linux-gnu/libdl-2.23.so
7f5c5fdba000-7f5c5fdd1000 r-xp 00000000 103:02 4728856                   /usr/lib/jvm/java-8-oracle/lib/amd64/jli/libjli.so
7f5c5fdd1000-7f5c5ffd0000 ---p 00017000 103:02 4728856                   /usr/lib/jvm/java-8-oracle/lib/amd64/jli/libjli.so
7f5c5ffd0000-7f5c5ffd1000 r--p 00016000 103:02 4728856                   /usr/lib/jvm/java-8-oracle/lib/amd64/jli/libjli.so
7f5c5ffd1000-7f5c5ffd2000 rw-p 00017000 103:02 4728856                   /usr/lib/jvm/java-8-oracle/lib/amd64/jli/libjli.so
7f5c5ffd2000-7f5c5ffea000 r-xp 00000000 103:02 16913666                  /lib/x86_64-linux-gnu/libpthread-2.23.so
7f5c5ffea000-7f5c601e9000 ---p 00018000 103:02 16913666                  /lib/x86_64-linux-gnu/libpthread-2.23.so
7f5c601e9000-7f5c601ea000 r--p 00017000 103:02 16913666                  /lib/x86_64-linux-gnu/libpthread-2.23.so
7f5c601ea000-7f5c601eb000 rw-p 00018000 103:02 16913666                  /lib/x86_64-linux-gnu/libpthread-2.23.so
7f5c601eb000-7f5c601ef000 rw-p 00000000 00:00 0 
7f5c601ef000-7f5c60215000 r-xp 00000000 103:02 16913665                  /lib/x86_64-linux-gnu/ld-2.23.so
7f5c602f3000-7f5c602f6000 ---p 00000000 00:00 0 
7f5c602f6000-7f5c603f9000 rw-p 00000000 00:00 0 
7f5c6040a000-7f5c60412000 rw-s 00000000 103:02 12596881                  /tmp/hsperfdata_makombe/9016
7f5c60412000-7f5c60413000 rw-p 00000000 00:00 0 
7f5c60413000-7f5c60414000 r--p 00000000 00:00 0 
7f5c60414000-7f5c60415000 r--p 00025000 103:02 16913665                  /lib/x86_64-linux-gnu/ld-2.23.so
7f5c60415000-7f5c60416000 rw-p 00026000 103:02 16913665                  /lib/x86_64-linux-gnu/ld-2.23.so
7f5c60416000-7f5c60417000 rw-p 00000000 00:00 0 
7ffe79676000-7ffe79698000 rw-p 00000000 00:00 0                          [stack]
7ffe797ab000-7ffe797ae000 r--p 00000000 00:00 0                          [vvar]
7ffe797ae000-7ffe797b0000 r-xp 00000000 00:00 0                          [vdso]
ffffffffff600000-ffffffffff601000 r-xp 00000000 00:00 0                  [vsyscall]

VM Arguments:
jvm_args: -Dclassworlds.conf=/usr/share/maven/bin/m2.conf -Dmaven.home=/usr/share/maven -Dmaven.multiModuleProjectDirectory=/home/makombe/openmrs-module-kenyaemr 
java_command: org.codehaus.plexus.classworlds.launcher.Launcher clean install -DskipTests
java_class_path (initial): /usr/share/maven/boot/plexus-classworlds-2.x.jar
Launcher Type: SUN_STANDARD

Environment Variables:
JAVA_HOME=/usr/lib/jvm/java-8-oracle
JRE_HOME=/usr/lib/jvm/java-8-oracle/jre
PATH=/home/makombe/bin:/home/makombe/.local/bin:/usr/local/sbin:/usr/local/bin:/usr/sbin:/usr/bin:/sbin:/bin:/usr/games:/usr/local/games:/snap/bin:/usr/lib/jvm/java-8-oracle/bin:/usr/lib/jvm/java-8-oracle/db/bin:/usr/lib/jvm/java-8-oracle/jre/bin
SHELL=/bin/bash
DISPLAY=:0

Signal Handlers:
SIGSEGV: [libjvm.so+0xaced60], sa_mask[0]=11111111011111111101111111111110, sa_flags=SA_RESTART|SA_SIGINFO
SIGBUS: [libjvm.so+0xaced60], sa_mask[0]=11111111011111111101111111111110, sa_flags=SA_RESTART|SA_SIGINFO
SIGFPE: [libjvm.so+0x907ca0], sa_mask[0]=11111111011111111101111111111110, sa_flags=SA_RESTART|SA_SIGINFO
SIGPIPE: [libjvm.so+0x907ca0], sa_mask[0]=11111111011111111101111111111110, sa_flags=SA_RESTART|SA_SIGINFO
SIGXFSZ: [libjvm.so+0x907ca0], sa_mask[0]=11111111011111111101111111111110, sa_flags=SA_RESTART|SA_SIGINFO
SIGILL: [libjvm.so+0x907ca0], sa_mask[0]=11111111011111111101111111111110, sa_flags=SA_RESTART|SA_SIGINFO
SIGUSR1: SIG_DFL, sa_mask[0]=00000000000000000000000000000000, sa_flags=none
SIGUSR2: [libjvm.so+0x907b70], sa_mask[0]=00000000000000000000000000000000, sa_flags=SA_RESTART|SA_SIGINFO
SIGHUP: SIG_DFL, sa_mask[0]=00000000000000000000000000000000, sa_flags=none
SIGINT: SIG_DFL, sa_mask[0]=00000000000000000000000000000000, sa_flags=none
SIGTERM: SIG_DFL, sa_mask[0]=00000000000000000000000000000000, sa_flags=none
SIGQUIT: SIG_DFL, sa_mask[0]=00000000000000000000000000000000, sa_flags=none


---------------  S Y S T E M  ---------------

OS:DISTRIB_ID=Ubuntu
DISTRIB_RELEASE=16.04
DISTRIB_CODENAME=xenial
DISTRIB_DESCRIPTION="Ubuntu 16.04.5 LTS"

uname:Linux 4.13.0-041300-generic #201709031731 SMP Sun Sep 3 21:33:09 UTC 2017 x86_64
libc:glibc 2.23 NPTL 2.23 
rlimit: STACK 8192k, CORE 0k, NPROC 62661, NOFILE 1048576, AS infinity
load average:3.25 2.48 1.99

/proc/meminfo:
MemTotal:       16138428 kB
MemFree:          160096 kB
MemAvailable:      56184 kB
Buffers:           12912 kB
Cached:          1477644 kB
SwapCached:        24156 kB
Active:         14207564 kB
Inactive:        1393468 kB
Active(anon):   14164256 kB
Inactive(anon):  1351748 kB
Active(file):      43308 kB
Inactive(file):    41720 kB
Unevictable:          88 kB
Mlocked:              88 kB
SwapTotal:      16484348 kB
SwapFree:              4 kB
Dirty:               232 kB
Writeback:             0 kB
AnonPages:      14086988 kB
Mapped:           908048 kB
Shmem:           1404984 kB
Slab:             126648 kB
SReclaimable:      59888 kB
SUnreclaim:        66760 kB
KernelStack:       24000 kB
PageTables:       119244 kB
NFS_Unstable:          0 kB
Bounce:                0 kB
WritebackTmp:          0 kB
CommitLimit:    24553560 kB
Committed_AS:   36556952 kB
VmallocTotal:   34359738367 kB
VmallocUsed:           0 kB
VmallocChunk:          0 kB
HardwareCorrupted:     0 kB
AnonHugePages:         0 kB
ShmemHugePages:        0 kB
ShmemPmdMapped:        0 kB
CmaTotal:              0 kB
CmaFree:               0 kB
HugePages_Total:       0
HugePages_Free:        0
HugePages_Rsvd:        0
HugePages_Surp:        0
Hugepagesize:       2048 kB
DirectMap4k:      234344 kB
DirectMap2M:    13105152 kB
DirectMap1G:     3145728 kB

container (cgroup) information:
container_type: cgroupv1
cpu_cpuset_cpus: 0-7
cpu_memory_nodes: 0
active_processor_count: 8
cpu_quota: -1
cpu_period: 100000
cpu_shares: -1
memory_limit_in_bytes: -1
memory_and_swap_limit_in_bytes: -2
memory_soft_limit_in_bytes: -1
memory_usage_in_bytes: 15974744064
memory_max_usage_in_bytes: 23789568


CPU:total 8 (initial active 8) (4 cores per cpu, 2 threads per core) family 6 model 142 stepping 10, cmov, cx8, fxsr, mmx, sse, sse2, sse3, ssse3, sse4.1, sse4.2, popcnt, avx, avx2, aes, clmul, erms, 3dnowpref, lzcnt, ht, tsc, tscinvbit, bmi1, bmi2, adx

/proc/cpuinfo:
processor	: 0
vendor_id	: GenuineIntel
cpu family	: 6
model		: 142
model name	: Intel(R) Core(TM) i7-8550U CPU @ 1.80GHz
stepping	: 10
microcode	: 0x96
cpu MHz		: 2000.000
cache size	: 8192 KB
physical id	: 0
siblings	: 8
core id		: 0
cpu cores	: 4
apicid		: 0
initial apicid	: 0
fpu		: yes
fpu_exception	: yes
cpuid level	: 22
wp		: yes
flags		: fpu vme de pse tsc msr pae mce cx8 apic sep mtrr pge mca cmov pat pse36 clflush dts acpi mmx fxsr sse sse2 ss ht tm pbe syscall nx pdpe1gb rdtscp lm constant_tsc art arch_perfmon pebs bts rep_good nopl xtopology nonstop_tsc cpuid aperfmperf tsc_known_freq pni pclmulqdq dtes64 monitor ds_cpl vmx est tm2 ssse3 sdbg fma cx16 xtpr pdcm pcid sse4_1 sse4_2 x2apic movbe popcnt tsc_deadline_timer aes xsave avx f16c rdrand lahf_lm abm 3dnowprefetch cpuid_fault epb intel_pt tpr_shadow vnmi flexpriority ept vpid fsgsbase tsc_adjust bmi1 avx2 smep bmi2 erms invpcid mpx rdseed adx smap clflushopt xsaveopt xsavec xgetbv1 xsaves dtherm ida arat pln pts hwp hwp_notify hwp_act_window hwp_epp
bugs		:
bogomips	: 3984.00
clflush size	: 64
cache_alignment	: 64
address sizes	: 39 bits physical, 48 bits virtual
power management:

processor	: 1
vendor_id	: GenuineIntel
cpu family	: 6
model		: 142
model name	: Intel(R) Core(TM) i7-8550U CPU @ 1.80GHz
stepping	: 10
microcode	: 0x96
cpu MHz		: 2000.000
cache size	: 8192 KB
physical id	: 0
siblings	: 8
core id		: 1
cpu cores	: 4
apicid		: 2
initial apicid	: 2
fpu		: yes
fpu_exception	: yes
cpuid level	: 22
wp		: yes
flags		: fpu vme de pse tsc msr pae mce cx8 apic sep mtrr pge mca cmov pat pse36 clflush dts acpi mmx fxsr sse sse2 ss ht tm pbe syscall nx pdpe1gb rdtscp lm constant_tsc art arch_perfmon pebs bts rep_good nopl xtopology nonstop_tsc cpuid aperfmperf tsc_known_freq pni pclmulqdq dtes64 monitor ds_cpl vmx est tm2 ssse3 sdbg fma cx16 xtpr pdcm pcid sse4_1 sse4_2 x2apic movbe popcnt tsc_deadline_timer aes xsave avx f16c rdrand lahf_lm abm 3dnowprefetch cpuid_fault epb intel_pt tpr_shadow vnmi flexpriority ept vpid fsgsbase tsc_adjust bmi1 avx2 smep bmi2 erms invpcid mpx rdseed adx smap clflushopt xsaveopt xsavec xgetbv1 xsaves dtherm ida arat pln pts hwp hwp_notify hwp_act_window hwp_epp
bugs		:
bogomips	: 3984.61
clflush size	: 64
cache_alignment	: 64
address sizes	: 39 bits physical, 48 bits virtual
power management:

processor	: 2
vendor_id	: GenuineIntel
cpu family	: 6
model		: 142
model name	: Intel(R) Core(TM) i7-8550U CPU @ 1.80GHz
stepping	: 10
microcode	: 0x96
cpu MHz		: 2000.000
cache size	: 8192 KB
physical id	: 0
siblings	: 8
core id		: 2
cpu cores	: 4
apicid		: 4
initial apicid	: 4
fpu		: yes
fpu_exception	: yes
cpuid level	: 22
wp		: yes
flags		: fpu vme de pse tsc msr pae mce cx8 apic sep mtrr pge mca cmov pat pse36 clflush dts acpi mmx fxsr sse sse2 ss ht tm pbe syscall nx pdpe1gb rdtscp lm constant_tsc art arch_perfmon pebs bts rep_good nopl xtopology nonstop_tsc cpuid aperfmperf tsc_known_freq pni pclmulqdq dtes64 monitor ds_cpl vmx est tm2 ssse3 sdbg fma cx16 xtpr pdcm pcid sse4_1 sse4_2 x2apic movbe popcnt tsc_deadline_timer aes xsave avx f16c rdrand lahf_lm abm 3dnowprefetch cpuid_fault epb intel_pt tpr_shadow vnmi flexpriority ept vpid fsgsbase tsc_adjust bmi1 avx2 smep bmi2 erms invpcid mpx rdseed adx smap clflushopt xsaveopt xsavec xgetbv1 xsaves dtherm ida arat pln pts hwp hwp_notify hwp_act_window hwp_epp
bugs		:
bogomips	: 3984.69
clflush size	: 64
cache_alignment	: 64
address sizes	: 39 bits physical, 48 bits virtual
power management:

processor	: 3
vendor_id	: GenuineIntel
cpu family	: 6
model		: 142
model name	: Intel(R) Core(TM) i7-8550U CPU @ 1.80GHz
stepping	: 10
microcode	: 0x96
cpu MHz		: 2000.000
cache size	: 8192 KB
physical id	: 0
siblings	: 8
core id		: 3
cpu cores	: 4
apicid		: 6
initial apicid	: 6
fpu		: yes
fpu_exception	: yes
cpuid level	: 22
wp		: yes
flags		: fpu vme de pse tsc msr pae mce cx8 apic sep mtrr pge mca cmov pat pse36 clflush dts acpi mmx fxsr sse sse2 ss ht tm pbe syscall nx pdpe1gb rdtscp lm constant_tsc art arch_perfmon pebs bts rep_good nopl xtopology nonstop_tsc cpuid aperfmperf tsc_known_freq pni pclmulqdq dtes64 monitor ds_cpl vmx est tm2 ssse3 sdbg fma cx16 xtpr pdcm pcid sse4_1 sse4_2 x2apic movbe popcnt tsc_deadline_timer aes xsave avx f16c rdrand lahf_lm abm 3dnowprefetch cpuid_fault epb intel_pt tpr_shadow vnmi flexpriority ept vpid fsgsbase tsc_adjust bmi1 avx2 smep bmi2 erms invpcid mpx rdseed adx smap clflushopt xsaveopt xsavec xgetbv1 xsaves dtherm ida arat pln pts hwp hwp_notify hwp_act_window hwp_epp
bugs		:
bogomips	: 3984.70
clflush size	: 64
cache_alignment	: 64
address sizes	: 39 bits physical, 48 bits virtual
power management:

processor	: 4
vendor_id	: GenuineIntel
cpu family	: 6
model		: 142
model name	: Intel(R) Core(TM) i7-8550U CPU @ 1.80GHz
stepping	: 10
microcode	: 0x96
cpu MHz		: 2000.000
cache size	: 8192 KB
physical id	: 0
siblings	: 8
core id		: 0
cpu cores	: 4
apicid		: 1
initial apicid	: 1
fpu		: yes
fpu_exception	: yes
cpuid level	: 22
wp		: yes
flags		: fpu vme de pse tsc msr pae mce cx8 apic sep mtrr pge mca cmov pat pse36 clflush dts acpi mmx fxsr sse sse2 ss ht tm pbe syscall nx pdpe1gb rdtscp lm constant_tsc art arch_perfmon pebs bts rep_good nopl xtopology nonstop_tsc cpuid aperfmperf tsc_known_freq pni pclmulqdq dtes64 monitor ds_cpl vmx est tm2 ssse3 sdbg fma cx16 xtpr pdcm pcid sse4_1 sse4_2 x2apic movbe popcnt tsc_deadline_timer aes xsave avx f16c rdrand lahf_lm abm 3dnowprefetch cpuid_fault epb intel_pt tpr_shadow vnmi flexpriority ept vpid fsgsbase tsc_adjust bmi1 avx2 smep bmi2 erms invpcid mpx rdseed adx smap clflushopt xsaveopt xsavec xgetbv1 xsaves dtherm ida arat pln pts hwp hwp_notify hwp_act_window hwp_epp
bugs		:
bogomips	: 3984.96
clflush size	: 64
cache_alignment	: 64
address sizes	: 39 bits physical, 48 bits virtual
power management:

processor	: 5
vendor_id	: GenuineIntel
cpu family	: 6
model		: 142
model name	: Intel(R) Core(TM) i7-8550U CPU @ 1.80GHz
stepping	: 10
microcode	: 0x96
cpu MHz		: 2000.000
cache size	: 8192 KB
physical id	: 0
siblings	: 8
core id		: 1
cpu cores	: 4
apicid		: 3
initial apicid	: 3
fpu		: yes
fpu_exception	: yes
cpuid level	: 22
wp		: yes
flags		: fpu vme de pse tsc msr pae mce cx8 apic sep mtrr pge mca cmov pat pse36 clflush dts acpi mmx fxsr sse sse2 ss ht tm pbe syscall nx pdpe1gb rdtscp lm constant_tsc art arch_perfmon pebs bts rep_good nopl xtopology nonstop_tsc cpuid aperfmperf tsc_known_freq pni pclmulqdq dtes64 monitor ds_cpl vmx est tm2 ssse3 sdbg fma cx16 xtpr pdcm pcid sse4_1 sse4_2 x2apic movbe popcnt tsc_deadline_timer aes xsave avx f16c rdrand lahf_lm abm 3dnowprefetch cpuid_fault epb intel_pt tpr_shadow vnmi flexpriority ept vpid fsgsbase tsc_adjust bmi1 avx2 smep bmi2 erms invpcid mpx rdseed adx smap clflushopt xsaveopt xsavec xgetbv1 xsaves dtherm ida arat pln pts hwp hwp_notify hwp_act_window hwp_epp
bugs		:
bogomips	: 3984.70
clflush size	: 64
cache_alignment	: 64
address sizes	: 39 bits physical, 48 bits virtual
power management:

processor	: 6
vendor_id	: GenuineIntel
cpu family	: 6
model		: 142
model name	: Intel(R) Core(TM) i7-8550U CPU @ 1.80GHz
stepping	: 10
microcode	: 0x96
cpu MHz		: 2000.000
cache size	: 8192 KB
physical id	: 0
siblings	: 8
core id		: 2
cpu cores	: 4
apicid		: 5
initial apicid	: 5
fpu		: yes
fpu_exception	: yes
cpuid level	: 22
wp		: yes
flags		: fpu vme de pse tsc msr pae mce cx8 apic sep mtrr pge mca cmov pat pse36 clflush dts acpi mmx fxsr sse sse2 ss ht tm pbe syscall nx pdpe1gb rdtscp lm constant_tsc art arch_perfmon pebs bts rep_good nopl xtopology nonstop_tsc cpuid aperfmperf tsc_known_freq pni pclmulqdq dtes64 monitor ds_cpl vmx est tm2 ssse3 sdbg fma cx16 xtpr pdcm pcid sse4_1 sse4_2 x2apic movbe popcnt tsc_deadline_timer aes xsave avx f16c rdrand lahf_lm abm 3dnowprefetch cpuid_fault epb intel_pt tpr_shadow vnmi flexpriority ept vpid fsgsbase tsc_adjust bmi1 avx2 smep bmi2 erms invpcid mpx rdseed adx smap clflushopt xsaveopt xsavec xgetbv1 xsaves dtherm ida arat pln pts hwp hwp_notify hwp_act_window hwp_epp
bugs		:
bogomips	: 3984.68
clflush size	: 64
cache_alignment	: 64
address sizes	: 39 bits physical, 48 bits virtual
power management:

processor	: 7
vendor_id	: GenuineIntel
cpu family	: 6
model		: 142
model name	: Intel(R) Core(TM) i7-8550U CPU @ 1.80GHz
stepping	: 10
microcode	: 0x96
cpu MHz		: 2000.000
cache size	: 8192 KB
physical id	: 0
siblings	: 8
core id		: 3
cpu cores	: 4
apicid		: 7
initial apicid	: 7
fpu		: yes
fpu_exception	: yes
cpuid level	: 22
wp		: yes
flags		: fpu vme de pse tsc msr pae mce cx8 apic sep mtrr pge mca cmov pat pse36 clflush dts acpi mmx fxsr sse sse2 ss ht tm pbe syscall nx pdpe1gb rdtscp lm constant_tsc art arch_perfmon pebs bts rep_good nopl xtopology nonstop_tsc cpuid aperfmperf tsc_known_freq pni pclmulqdq dtes64 monitor ds_cpl vmx est tm2 ssse3 sdbg fma cx16 xtpr pdcm pcid sse4_1 sse4_2 x2apic movbe popcnt tsc_deadline_timer aes xsave avx f16c rdrand lahf_lm abm 3dnowprefetch cpuid_fault epb intel_pt tpr_shadow vnmi flexpriority ept vpid fsgsbase tsc_adjust bmi1 avx2 smep bmi2 erms invpcid mpx rdseed adx smap clflushopt xsaveopt xsavec xgetbv1 xsaves dtherm ida arat pln pts hwp hwp_notify hwp_act_window hwp_epp
bugs		:
bogomips	: 3984.68
clflush size	: 64
cache_alignment	: 64
address sizes	: 39 bits physical, 48 bits virtual
power management:



Memory: 4k page, physical 16138428k(160096k free), swap 16484348k(4k free)

vm_info: Java HotSpot(TM) 64-Bit Server VM (25.191-b12) for linux-amd64 JRE (1.8.0_191-b12), built on Oct  6 2018 05:43:09 by "java_re" with gcc 7.3.0

time: Mon Nov 19 15:14:58 2018
elapsed time: 0 seconds (0d 0h 0m 0s)

